<?xml version="1.0" encoding="UTF-8"?>
<!-- Generated by org.testng.reporters.JUnitXMLReporter -->
<testsuite ignored="0" hostname="DESKTOP-4I9C8D5" failures="2" tests="4" name="Test Basics 1" time="30.206" errors="0" timestamp="2021-04-12T16:19:13 IST">
  <testcase classname="com.Guru99Bank.testCases.TC_LoginTest_001" name="loginTest" time="2.276"/>
  <testcase classname="com.Guru99Bank.testCases.TC_LoginDDT_002" name="loginTestDDT" time="3.749">
    <failure type="java.lang.AssertionError" message="expected [true] but found [false]">
      <![CDATA[java.lang.AssertionError: expected [true] but found [false]
at com.Guru99Bank.testCases.TC_LoginDDT_002.loginTestDDT(TC_LoginDDT_002.java:26)
at java.base/java.util.ArrayList.forEach(ArrayList.java:1541)
... Removed 34 stack frames]]>
    </failure>
  </testcase> <!-- loginTestDDT -->
  <testcase classname="com.Guru99Bank.testCases.TC_LoginDDT_002" name="loginTestDDT" time="2.944">
    <failure type="java.lang.AssertionError" message="expected [true] but found [false]">
      <![CDATA[java.lang.AssertionError: expected [true] but found [false]
at com.Guru99Bank.testCases.TC_LoginDDT_002.loginTestDDT(TC_LoginDDT_002.java:26)
at java.base/java.util.ArrayList.forEach(ArrayList.java:1541)
... Removed 34 stack frames]]>
    </failure>
  </testcase> <!-- loginTestDDT -->
  <testcase classname="com.Guru99Bank.testCases.TC_LoginDDT_002" name="loginTestDDT" time="1.935"/>
</testsuite> <!-- Test Basics 1 -->
