<?xml version="1.0" encoding="UTF-8"?>
<testsuite name="TestSuite" time="6.049" tests="4" errors="0" skipped="0" failures="2">
  <properties>
[...]
</properties>
  <testcase name="loginTest" classname="com.Guru99Bank.testCases.TC_LoginTest_001" time="2.281"/>
  <testcase name="loginTestDDT" classname="com.Guru99Bank.testCases.TC_LoginDDT_002" time="3.768">
    <failure message="expected [true] but found [false]" type="java.lang.AssertionError">java.lang.AssertionError: expected [true] but found [false]
	at org.testng.Assert.fail(Assert.java:99)
	at org.testng.Assert.failNotEquals(Assert.java:1037)
	at org.testng.Assert.assertTrue(Assert.java:45)
	at org.testng.Assert.assertTrue(Assert.java:55)
	at com.Guru99Bank.testCases.TC_LoginDDT_002.loginTestDDT(TC_LoginDDT_002.java:26)
</failure>
    <system-err><![CDATA[Starting ChromeDriver 89.0.4389.23 (61b08ee2c50024bab004e48d2b1b083cdbdac579-refs/branch-heads/4389@{#294}) on port 41741
Only local connections are allowed.
Please see https://chromedriver.chromium.org/security-considerations for suggestions on keeping ChromeDriver safe.
ChromeDriver was started successfully.
Apr 12, 2021 4:18:55 PM org.openqa.selenium.remote.ProtocolHandshake createSession
INFO: Detected dialect: W3C
]]></system-err>
  </testcase>
  <testcase name="loginTestDDT" classname="com.Guru99Bank.testCases.TC_LoginDDT_002" time="2.939">
    <failure message="expected [true] but found [false]" type="java.lang.AssertionError">java.lang.AssertionError: expected [true] but found [false]
	at org.testng.Assert.fail(Assert.java:99)
	at org.testng.Assert.failNotEquals(Assert.java:1037)
	at org.testng.Assert.assertTrue(Assert.java:45)
	at org.testng.Assert.assertTrue(Assert.java:55)
	at com.Guru99Bank.testCases.TC_LoginDDT_002.loginTestDDT(TC_LoginDDT_002.java:26)
</failure>
  </testcase>
  <testcase name="loginTestDDT" classname="com.Guru99Bank.testCases.TC_LoginDDT_002" time="1.936"/>
</testsuite>