<?xml version="1.0" encoding="UTF-8"?>
<testng-results ignored="0" total="1" passed="1" failed="0" skipped="0">
  <reporter-output>
  </reporter-output>
  <suite started-at="2021-04-12T21:24:08 IST" name="Practice Suite" finished-at="2021-04-12T21:24:25 IST" duration-ms="17152">
    <groups>
    </groups>
    <test started-at="2021-04-12T21:24:08 IST" name="Test Basics 1" finished-at="2021-04-12T21:24:25 IST" duration-ms="17152">
      <class name="com.Guru99Bank.testCases.TC_LoginTest_001">
        <test-method is-config="true" signature="setUp(java.lang.String)[pri:0, instance:com.Guru99Bank.testCases.TC_LoginTest_001@51e69659]" started-at="2021-04-12T21:24:08 IST" name="setUp" finished-at="2021-04-12T21:24:21 IST" duration-ms="12284" status="PASS">
          <params>
            <param index="0">
              <value>
                <![CDATA[CHROME]]>
              </value>
            </param>
          </params>
          <reporter-output>
          </reporter-output>
        </test-method> <!-- setUp -->
        <test-method signature="loginTest()[pri:0, instance:com.Guru99Bank.testCases.TC_LoginTest_001@51e69659]" started-at="2021-04-12T21:24:21 IST" name="loginTest" finished-at="2021-04-12T21:24:24 IST" duration-ms="3652" status="PASS">
          <reporter-output>
          </reporter-output>
        </test-method> <!-- loginTest -->
        <test-method is-config="true" signature="tearDown()[pri:0, instance:com.Guru99Bank.testCases.TC_LoginTest_001@51e69659]" started-at="2021-04-12T21:24:24 IST" name="tearDown" finished-at="2021-04-12T21:24:25 IST" duration-ms="1103" status="PASS">
          <reporter-output>
          </reporter-output>
        </test-method> <!-- tearDown -->
      </class> <!-- com.Guru99Bank.testCases.TC_LoginTest_001 -->
    </test> <!-- Test Basics 1 -->
  </suite> <!-- Practice Suite -->
</testng-results>
